<?xml version="1.0" encoding="UTF-8"?>
<testsuite name="hello.GreeterTest" tests="1" skipped="0" failures="0" errors="0" timestamp="2020-05-12T04:11:14" hostname="S-NPC-2040" time="0.007">
  <properties/>
  <testcase name="test" classname="hello.GreeterTest" time="0.007"/>
  <system-out><![CDATA[]]></system-out>
  <system-err><![CDATA[]]></system-err>
</testsuite>
