<?xml version="1.0" encoding="UTF-8"?>
<testsuite name="hello.GreeterTest" tests="1" skipped="0" failures="0" errors="0" timestamp="2020-05-14T00:56:00" hostname="S-NPC-2040" time="0.006">
  <properties/>
  <testcase name="test" classname="hello.GreeterTest" time="0.006"/>
  <system-out><![CDATA[]]></system-out>
  <system-err><![CDATA[]]></system-err>
</testsuite>
